# JRE version: Java(TM) SE Runtime Environment (8.0_361) (build 1.8.0_361-b09)
# Java VM: Java HotSpot(TM) 64-Bit Server VM (25.361-b09 mixed mode windows-amd64 compressed oops)
Heap:
 PSYoungGen      total 394752K, used 280938K [0x0000000783900000, 0x00000007a8e00000, 0x00000007c0000000)
  eden space 195072K, 60% used [0x0000000783900000,0x000000078abfab38,0x000000078f780000)
  from space 199680K, 81% used [0x000000079bf80000,0x00000007a5ee0000,0x00000007a8280000)
  to   space 204800K, 0% used [0x000000078f780000,0x000000078f780000,0x000000079bf80000)
 ParOldGen       total 316416K, used 58645K [0x000000070aa00000, 0x000000071df00000, 0x0000000783900000)
  object space 316416K, 18% used [0x000000070aa00000,0x000000070e345678,0x000000071df00000)
 Metaspace       used 15484K, capacity 15672K, committed 15872K, reserved 1062912K
  class space    used 1677K, capacity 1745K, committed 1792K, reserved 1048576K
GC Heap History (10 events):
Event: 14.267 GC heap before
{Heap before GC invocations=52 (full 12):
 PSYoungGen      total 399872K, used 162390K [0x0000000783900000, 0x00000007a8e00000, 0x00000007c0000000)
  eden space 195072K, 0% used [0x0000000783900000,0x0000000783900000,0x000000078f780000)
  from space 204800K, 79% used [0x000000078f780000,0x0000000799615830,0x000000079bf80000)
  to   space 199680K, 0% used [0x000000079bf80000,0x000000079bf80000,0x00000007a8280000)
 ParOldGen       total 316416K, used 193863K [0x000000070aa00000, 0x000000071df00000, 0x0000000783900000)
  object space 316416K, 61% used [0x000000070aa00000,0x0000000716751ff8,0x000000071df00000)
 Metaspace       used 15479K, capacity 15672K, committed 15872K, reserved 1062912K
  class space    used 1677K, capacity 1745K, committed 1792K, reserved 1048576K
Event: 14.318 GC heap after
Heap after GC invocations=52 (full 12):
 PSYoungGen      total 399872K, used 0K [0x0000000783900000, 0x00000007a8e00000, 0x00000007c0000000)
  eden space 195072K, 0% used [0x0000000783900000,0x0000000783900000,0x000000078f780000)
  from space 204800K, 0% used [0x000000078f780000,0x000000078f780000,0x000000079bf80000)
  to   space 199680K, 0% used [0x000000079bf80000,0x000000079bf80000,0x00000007a8280000)
 ParOldGen       total 316416K, used 44451K [0x000000070aa00000, 0x000000071df00000, 0x0000000783900000)
  object space 316416K, 14% used [0x000000070aa00000,0x000000070d568fa0,0x000000071df00000)
 Metaspace       used 15479K, capacity 15672K, committed 15872K, reserved 1062912K
  class space    used 1677K, capacity 1745K, committed 1792K, reserved 1048576K
}
Event: 14.578 GC heap before
{Heap before GC invocations=53 (full 12):
 PSYoungGen      total 399872K, used 195072K [0x0000000783900000, 0x00000007a8e00000, 0x00000007c0000000)
  eden space 195072K, 100% used [0x0000000783900000,0x000000078f780000,0x000000078f780000)
  from space 204800K, 0% used [0x000000078f780000,0x000000078f780000,0x000000079bf80000)
  to   space 199680K, 0% used [0x000000079bf80000,0x000000079bf80000,0x00000007a8280000)
 ParOldGen       total 316416K, used 44451K [0x000000070aa00000, 0x000000071df00000, 0x0000000783900000)
  object space 316416K, 14% used [0x000000070aa00000,0x000000070d568fa0,0x000000071df00000)
 Metaspace       used 15479K, capacity 15672K, committed 15872K, reserved 1062912K
  class space    used 1677K, capacity 1745K, committed 1792K, reserved 1048576K
Event: 14.644 GC heap after
Heap after GC invocations=53 (full 12):
 PSYoungGen      total 394752K, used 163232K [0x0000000783900000, 0x00000007a8e00000, 0x00000007c0000000)
  eden space 195072K, 0% used [0x0000000783900000,0x0000000783900000,0x000000078f780000)
  from space 199680K, 81% used [0x000000079bf80000,0x00000007a5ee8000,0x00000007a8280000)
  to   space 204800K, 0% used [0x000000078f780000,0x000000078f780000,0x000000079bf80000)
 ParOldGen       total 316416K, used 44451K [0x000000070aa00000, 0x000000071df00000, 0x0000000783900000)
  object space 316416K, 14% used [0x000000070aa00000,0x000000070d568fa0,0x000000071df00000)
 Metaspace       used 15479K, capacity 15672K, committed 15872K, reserved 1062912K
  class space    used 1677K, capacity 1745K, committed 1792K, reserved 1048576K
}
Event: 14.990 GC heap before
{Heap before GC invocations=54 (full 12):
 PSYoungGen      total 394752K, used 358304K [0x0000000783900000, 0x00000007a8e00000, 0x00000007c0000000)
  eden space 195072K, 100% used [0x0000000783900000,0x000000078f780000,0x000000078f780000)
  from space 199680K, 81% used [0x000000079bf80000,0x00000007a5ee8000,0x00000007a8280000)
  to   space 204800K, 0% used [0x000000078f780000,0x000000078f780000,0x000000079bf80000)
 ParOldGen       total 316416K, used 44451K [0x000000070aa00000, 0x000000071df00000, 0x0000000783900000)
  object space 316416K, 14% used [0x000000070aa00000,0x000000070d568fa0,0x000000071df00000)
 Metaspace       used 15479K, capacity 15672K, committed 15872K, reserved 1062912K
  class space    used 1677K, capacity 1745K, committed 1792K, reserved 1048576K
Event: 15.122 GC heap after
Heap after GC invocations=54 (full 12):
 PSYoungGen      total 399872K, used 162326K [0x0000000783900000, 0x00000007a8e00000, 0x00000007c0000000)
  eden space 195072K, 0% used [0x0000000783900000,0x0000000783900000,0x000000078f780000)
  from space 204800K, 79% used [0x000000078f780000,0x0000000799605830,0x000000079bf80000)
  to   space 199680K, 0% used [0x000000079bf80000,0x000000079bf80000,0x00000007a8280000)
 ParOldGen       total 316416K, used 208067K [0x000000070aa00000, 0x000000071df00000, 0x0000000783900000)
  object space 316416K, 65% used [0x000000070aa00000,0x0000000717530fa0,0x000000071df00000)
 Metaspace       used 15479K, capacity 15672K, committed 15872K, reserved 1062912K
  class space    used 1677K, capacity 1745K, committed 1792K, reserved 1048576K
}
Event: 15.122 GC heap before
{Heap before GC invocations=55 (full 13):
 PSYoungGen      total 399872K, used 162326K [0x0000000783900000, 0x00000007a8e00000, 0x00000007c0000000)
  eden space 195072K, 0% used [0x0000000783900000,0x0000000783900000,0x000000078f780000)
  from space 204800K, 79% used [0x000000078f780000,0x0000000799605830,0x000000079bf80000)
  to   space 199680K, 0% used [0x000000079bf80000,0x000000079bf80000,0x00000007a8280000)
 ParOldGen       total 316416K, used 208067K [0x000000070aa00000, 0x000000071df00000, 0x0000000783900000)
  object space 316416K, 65% used [0x000000070aa00000,0x0000000717530fa0,0x000000071df00000)
 Metaspace       used 15479K, capacity 15672K, committed 15872K, reserved 1062912K
  class space    used 1677K, capacity 1745K, committed 1792K, reserved 1048576K
Event: 15.184 GC heap after
Heap after GC invocations=55 (full 13):
 PSYoungGen      total 399872K, used 0K [0x0000000783900000, 0x00000007a8e00000, 0x00000007c0000000)
  eden space 195072K, 0% used [0x0000000783900000,0x0000000783900000,0x000000078f780000)
  from space 204800K, 0% used [0x000000078f780000,0x000000078f780000,0x000000079bf80000)
  to   space 199680K, 0% used [0x000000079bf80000,0x000000079bf80000,0x00000007a8280000)
 ParOldGen       total 316416K, used 58645K [0x000000070aa00000, 0x000000071df00000, 0x0000000783900000)
  object space 316416K, 18% used [0x000000070aa00000,0x000000070e345678,0x000000071df00000)
 Metaspace       used 15479K, capacity 15672K, committed 15872K, reserved 1062912K
  class space    used 1677K, capacity 1745K, committed 1792K, reserved 1048576K
}
Event: 15.436 GC heap before
{Heap before GC invocations=56 (full 13):
 PSYoungGen      total 399872K, used 195072K [0x0000000783900000, 0x00000007a8e00000, 0x00000007c0000000)
  eden space 195072K, 100% used [0x0000000783900000,0x000000078f780000,0x000000078f780000)
  from space 204800K, 0% used [0x000000078f780000,0x000000078f780000,0x000000079bf80000)
  to   space 199680K, 0% used [0x000000079bf80000,0x000000079bf80000,0x00000007a8280000)
 ParOldGen       total 316416K, used 58645K [0x000000070aa00000, 0x000000071df00000, 0x0000000783900000)
  object space 316416K, 18% used [0x000000070aa00000,0x000000070e345678,0x000000071df00000)
 Metaspace       used 15479K, capacity 15672K, committed 15872K, reserved 1062912K
  class space    used 1677K, capacity 1745K, committed 1792K, reserved 1048576K
Event: 15.518 GC heap after
Heap after GC invocations=56 (full 13):
 PSYoungGen      total 394752K, used 163200K [0x0000000783900000, 0x00000007a8e00000, 0x00000007c0000000)
  eden space 195072K, 0% used [0x0000000783900000,0x0000000783900000,0x000000078f780000)
  from space 199680K, 81% used [0x000000079bf80000,0x00000007a5ee0000,0x00000007a8280000)
  to   space 204800K, 0% used [0x000000078f780000,0x000000078f780000,0x000000079bf80000)
 ParOldGen       total 316416K, used 58645K [0x000000070aa00000, 0x000000071df00000, 0x0000000783900000)
  object space 316416K, 18% used [0x000000070aa00000,0x000000070e345678,0x000000071df00000)
 Metaspace       used 15479K, capacity 15672K, committed 15872K, reserved 1062912K
  class space    used 1677K, capacity 1745K, committed 1792K, reserved 1048576K
}

